[2024-04-21 11:09:06,664] 24 root - INFO - Data Ingestion methods Starts
[2024-04-21 11:09:06,848] 27 root - INFO - Dataset(csv file) read as pandas Dataframe
[2024-04-21 11:09:07,783] 33 root - INFO - Train test split
[2024-04-21 11:09:08,688] 43 root - INFO - Ingestion of Data is completed
[2024-04-21 11:09:08,876] 695 root - INFO - Read train and test data completed
[2024-04-21 11:09:08,880] 696 root - INFO - Train Dataframe Head : 
  Airline  Flight AirportFrom AirportTo  DayOfWeek    Time  Length  Delay
0      EV  5119.0         ATL       LEX          4  1145.0    79.0      1
1      EV  5527.0         BQK       ATL          1  1009.0    75.0      0
2      OO  6859.0         DEN       PDX          1   906.0   171.0      1
3      WN  2882.0         JAX       TPA          2   850.0    55.0      1
4      OO  6315.0         SFO       BFL          3   449.0    74.0      1
[2024-04-21 11:09:08,882] 697 root - INFO - Test Dataframe Head  : 
  Airline  Flight AirportFrom AirportTo  DayOfWeek    Time  Length  Delay
0      EV  5524.0         ORF       ATL          1  1038.0   119.0      1
1      OO  6526.0         LAX       PHX          2   464.0    83.0      0
2      FL   207.0         ATL       CAK          7   535.0    95.0      0
3      XE  5992.0         GRB       ORD          1   360.0    60.0      0
4      OO  4646.0         SLC       STL          2   585.0   165.0      1
[2024-04-21 11:09:08,882] 699 root - INFO - Obtaining preprocessing object
[2024-04-21 11:09:08,882] 29 root - INFO - Data Transformation initiated
[2024-04-21 11:09:08,882] 647 root - INFO - Pipeline Initiated
[2024-04-21 11:09:08,883] 682 root - INFO - Pipeline Completed
[2024-04-21 11:09:08,893] 711 root - INFO - Splitting train,test dataframes
[2024-04-21 11:09:09,332] 718 root - INFO - Applying preprocessing object on training and testing datasets.
[2024-04-21 11:09:09,339] 731 root - INFO - Preprocessor pickle file saved
[2024-04-21 11:09:09,349] 28 root - INFO - Seggregating the dependent and independent variables
[2024-04-21 11:10:12,952] 47 root - INFO - Model Report: {'LogisticRegression': -0.7744530726729664, 'RandomForest': -1.602833109256633, 'DecisionTree': -1.7021617820075656, 'GradientBoosting': -0.6379614549015415}
[2024-04-21 11:10:12,961] 62 root - INFO - The best model is GradientBoosting, with R2 Score: -0.6379614549015415
