[2024-04-19 22:21:40,107] 24 root - INFO - Data Ingestion methods Starts
[2024-04-19 22:21:40,330] 27 root - INFO - Dataset(csv file) read as pandas Dataframe
[2024-04-19 22:21:41,218] 33 root - INFO - Train test split
[2024-04-19 22:21:42,821] 43 root - INFO - Ingestion of Data is completed
[2024-04-19 22:21:43,028] 727 root - INFO - Read train and test data completed
[2024-04-19 22:21:43,030] 728 root - INFO - Train Dataframe Head : 
  Airline  Flight AirportFrom AirportTo DayOfWeek    Time  Length Delay
0   b'EV'  5119.0      b'ATL'    b'LEX'      b'4'  1145.0    79.0  b'1'
1   b'EV'  5527.0      b'BQK'    b'ATL'      b'1'  1009.0    75.0  b'0'
2   b'OO'  6859.0      b'DEN'    b'PDX'      b'1'   906.0   171.0  b'1'
3   b'WN'  2882.0      b'JAX'    b'TPA'      b'2'   850.0    55.0  b'1'
4   b'OO'  6315.0      b'SFO'    b'BFL'      b'3'   449.0    74.0  b'1'
[2024-04-19 22:21:43,034] 729 root - INFO - Test Dataframe Head  : 
  Airline  Flight AirportFrom AirportTo DayOfWeek    Time  Length Delay
0   b'EV'  5524.0      b'ORF'    b'ATL'      b'1'  1038.0   119.0  b'1'
1   b'OO'  6526.0      b'LAX'    b'PHX'      b'2'   464.0    83.0  b'0'
2   b'FL'   207.0      b'ATL'    b'CAK'      b'7'   535.0    95.0  b'0'
3   b'XE'  5992.0      b'GRB'    b'ORD'      b'1'   360.0    60.0  b'0'
4   b'OO'  4646.0      b'SLC'    b'STL'      b'2'   585.0   165.0  b'1'
[2024-04-19 22:21:43,034] 731 root - INFO - Obtaining preprocessing object
[2024-04-19 22:21:43,034] 49 root - INFO - Data Transformation initiated
[2024-04-19 22:21:43,034] 674 root - INFO - Pipeline Initiated
[2024-04-19 22:21:43,034] 714 root - INFO - Pipeline Completed
[2024-04-19 22:21:43,045] 772 root - INFO - Exception occured in the initiate_datatransformation
