[2024-04-20 22:11:39,534] 24 root - INFO - Data Ingestion methods Starts
[2024-04-20 22:11:39,732] 27 root - INFO - Dataset(csv file) read as pandas Dataframe
[2024-04-20 22:11:40,546] 33 root - INFO - Train test split
[2024-04-20 22:11:41,401] 43 root - INFO - Ingestion of Data is completed
[2024-04-20 22:11:41,582] 703 root - INFO - Read train and test data completed
[2024-04-20 22:11:41,585] 704 root - INFO - Train Dataframe Head : 
  Airline  Flight AirportFrom AirportTo  DayOfWeek    Time  Length  Delay
0      EV  5119.0         ATL       LEX          4  1145.0    79.0      1
1      EV  5527.0         BQK       ATL          1  1009.0    75.0      0
2      OO  6859.0         DEN       PDX          1   906.0   171.0      1
3      WN  2882.0         JAX       TPA          2   850.0    55.0      1
4      OO  6315.0         SFO       BFL          3   449.0    74.0      1
[2024-04-20 22:11:41,587] 705 root - INFO - Test Dataframe Head  : 
  Airline  Flight AirportFrom AirportTo  DayOfWeek    Time  Length  Delay
0      EV  5524.0         ORF       ATL          1  1038.0   119.0      1
1      OO  6526.0         LAX       PHX          2   464.0    83.0      0
2      FL   207.0         ATL       CAK          7   535.0    95.0      0
3      XE  5992.0         GRB       ORD          1   360.0    60.0      0
4      OO  4646.0         SLC       STL          2   585.0   165.0      1
[2024-04-20 22:11:41,587] 707 root - INFO - Obtaining preprocessing object
[2024-04-20 22:11:41,587] 29 root - INFO - Data Transformation initiated
[2024-04-20 22:11:41,587] 654 root - INFO - Pipeline Initiated
[2024-04-20 22:11:41,587] 690 root - INFO - Pipeline Completed
[2024-04-20 22:11:41,587] 718 root - INFO - Splitting train,test dataframes
[2024-04-20 22:11:42,081] 725 root - INFO - Applying preprocessing object on training and testing datasets.
[2024-04-20 22:11:42,304] 738 root - INFO - Preprocessor pickle file saved
[2024-04-20 22:11:42,304] 28 root - INFO - Seggregating the dependent and independent variables
[2024-04-20 22:12:12,720] 48 root - INFO - Model Report: {'LogisticRegression': 1.0, 'SVM': 1.0, 'RandomForest': 1.0, 'DecisionTree': 1.0, 'GradientBoosting': 1.0}
[2024-04-20 22:12:12,730] 63 root - INFO - The best model is LogisticRegression, with R2 Score: 1.0
